Using pre-set license
Built from '2020.3/staging' branch; Version is '2020.3.11f1 (99c7afb366b3) revision 10078127'; Using compiler version '192528614'; Build Type 'Release'
OS: 'Windows 10 Home; OS build 19043.1348; Version 2009; 64bit' Language: 'en' Physical Memory: 12162 MB
BatchMode: 1, IsHumanControllingUs: 0, StartBugReporterOnCrash: 0, Is64bit: 1, IsPro: 0

 COMMAND LINE ARGUMENTS:
C:\Program Files\Unity\Hub\Editor\2020.3.11f1\Editor\Unity.exe
-adb2
-batchMode
-noUpm
-name
AssetImportWorker0
-projectPath
D:/GitHub/PhysicsBasedCharacterController
-logFile
Logs/AssetImportWorker0.log
-srvPort
50494
Successfully changed project path to: D:/GitHub/PhysicsBasedCharacterController
D:/GitHub/PhysicsBasedCharacterController
Using Asset Import Pipeline V2.
Refreshing native plugins compatible for Editor in 104.65 ms, found 6 plugins.
Preloading 0 native plugins for Editor in 0.00 ms.
Initialize engine version: 2020.3.11f1 (99c7afb366b3)
[Subsystems] Discovering subsystems at path C:/Program Files/Unity/Hub/Editor/2020.3.11f1/Editor/Data/Resources/UnitySubsystems
[Subsystems] Discovering subsystems at path D:/GitHub/PhysicsBasedCharacterController/Assets
GfxDevice: creating device client; threaded=0
Direct3D:
    Version:  Direct3D 11.0 [level 11.1]
    Renderer: NVIDIA GeForce GTX 1060 (ID=0x1c60)
    Vendor:   
    VRAM:     6052 MB
    Driver:   30.0.14.9613
Shader 'Universal Render Pipeline/Particles/Lit': fallback shader 'Universal Render Pipeline/Particles/SimpleLit' not found
Initialize mono
Mono path[0] = 'C:/Program Files/Unity/Hub/Editor/2020.3.11f1/Editor/Data/Managed'
Mono path[1] = 'C:/Program Files/Unity/Hub/Editor/2020.3.11f1/Editor/Data/MonoBleedingEdge/lib/mono/unityjit'
Mono config path = 'C:/Program Files/Unity/Hub/Editor/2020.3.11f1/Editor/Data/MonoBleedingEdge/etc'
Using monoOptions --debugger-agent=transport=dt_socket,embedding=1,server=y,suspend=n,address=127.0.0.1:56496
Begin MonoManager ReloadAssembly
Registering precompiled unity dll's ...
Register platform support module: C:/Program Files/Unity/Hub/Editor/2020.3.11f1/Editor/Data/PlaybackEngines/WebGLSupport/UnityEditor.WebGL.Extensions.dll
Register platform support module: C:/Program Files/Unity/Hub/Editor/2020.3.11f1/Editor/Data/PlaybackEngines/WindowsStandaloneSupport/UnityEditor.WindowsStandalone.Extensions.dll
Registered in 0.003257 seconds.
Native extension for WindowsStandalone target not found
Native extension for WebGL target not found
Refreshing native plugins compatible for Editor in 88.84 ms, found 6 plugins.
Preloading 0 native plugins for Editor in 0.00 ms.
Mono: successfully reloaded assembly
- Completed reload, in  2.853 seconds
Platform modules already initialized, skipping
Registering precompiled user dll's ...
Registered in 0.007379 seconds.
Begin MonoManager ReloadAssembly
Native extension for WindowsStandalone target not found
Native extension for WebGL target not found
Refreshing native plugins compatible for Editor in 102.23 ms, found 6 plugins.
Preloading 0 native plugins for Editor in 0.00 ms.
Mono: successfully reloaded assembly
- Completed reload, in  2.517 seconds
Platform modules already initialized, skipping
========================================================================
Worker process is ready to serve import requests
Shader 'Universal Render Pipeline/Particles/Lit': fallback shader 'Universal Render Pipeline/Particles/SimpleLit' not found
Launched and connected shader compiler UnityShaderCompiler.exe after 0.06 seconds
Refreshing native plugins compatible for Editor in 0.83 ms, found 6 plugins.
Preloading 0 native plugins for Editor in 0.00 ms.
Unloading 4126 Unused Serialized files (Serialized files now loaded: 0)
System memory in use before: 176.8 MB.
System memory in use after: 176.7 MB.

Unloading 52 unused Assets to reduce memory usage. Loaded Objects now: 4553.
Total: 4.915200 ms (FindLiveObjects: 0.377600 ms CreateObjectMapping: 0.180700 ms MarkObjects: 4.070300 ms  DeleteObjects: 0.285600 ms)

========================================================================
Received Import Request.
  path: Assets/Scripts/AudioManager.cs
  artifactKey: Guid(602243763525e2948a2fdcc448cc0bf6) Importer(815301076,1909f56bfc062723c751e8b465ee728b)
Start importing Assets/Scripts/AudioManager.cs using Guid(602243763525e2948a2fdcc448cc0bf6) Importer(815301076,1909f56bfc062723c751e8b465ee728b)  -> (artifact id: '535ef849edb6f844b7e68de910761f13') in 0.057894 seconds
  Import took 0.163032 seconds .

========================================================================
Received Prepare
Shader 'Universal Render Pipeline/Particles/Lit': fallback shader 'Universal Render Pipeline/Particles/SimpleLit' not found
Refreshing native plugins compatible for Editor in 8.64 ms, found 6 plugins.
Preloading 0 native plugins for Editor in 0.00 ms.
Unloading 35 Unused Serialized files (Serialized files now loaded: 0)
System memory in use before: 87.7 MB.
System memory in use after: 87.7 MB.

Unloading 35 unused Assets to reduce memory usage. Loaded Objects now: 4553.
Total: 5.491800 ms (FindLiveObjects: 0.547900 ms CreateObjectMapping: 0.348200 ms MarkObjects: 4.375700 ms  DeleteObjects: 0.218600 ms)

========================================================================
Received Import Request.
  Time since last request: 21.913324 seconds.
  path: Assets/Scripts/GameManager.cs
  artifactKey: Guid(e36d6526e0d86974fbabfd8372ac1e8f) Importer(815301076,1909f56bfc062723c751e8b465ee728b)
Start importing Assets/Scripts/GameManager.cs using Guid(e36d6526e0d86974fbabfd8372ac1e8f) Importer(815301076,1909f56bfc062723c751e8b465ee728b)  -> (artifact id: '80f6b39c46e5e054c03dc1b43a9473c1') in 0.009545 seconds
  Import took 0.117502 seconds .

========================================================================
Received Prepare
Registering precompiled user dll's ...
Registered in 0.008361 seconds.
Begin MonoManager ReloadAssembly
Native extension for WindowsStandalone target not found
Native extension for WebGL target not found
Refreshing native plugins compatible for Editor in 0.86 ms, found 6 plugins.
Preloading 0 native plugins for Editor in 0.00 ms.
Mono: successfully reloaded assembly
- Completed reload, in  1.738 seconds
Platform modules already initialized, skipping
Switching build target platform(19) subTarget(0) extendedPlatform(0) -> platform(13) subTarget(537395200) extendedPlatform(0)
Shader 'Universal Render Pipeline/Particles/Lit': fallback shader 'Universal Render Pipeline/Particles/SimpleLit' not found
Refreshing native plugins compatible for Editor in 1.13 ms, found 6 plugins.
Preloading 0 native plugins for Editor in 0.00 ms.
Unloading 3976 Unused Serialized files (Serialized files now loaded: 0)
System memory in use before: 164.5 MB.
System memory in use after: 164.5 MB.

Unloading 39 unused Assets to reduce memory usage. Loaded Objects now: 4556.
Total: 6.365500 ms (FindLiveObjects: 0.781000 ms CreateObjectMapping: 0.591100 ms MarkObjects: 4.737400 ms  DeleteObjects: 0.254500 ms)

AssetImportParameters requested are different than current active one (requested -> active):
  custom:graphics/normal-map-encoding: 01000000000000000000000000000000 -> 02000000000000000000000000000000
========================================================================
Received Import Request.
  Time since last request: 26.610205 seconds.
  path: Assets/Textures
  artifactKey: Guid(cb8e155d2666c774a92f3e51faba471f) Importer(815301076,1909f56bfc062723c751e8b465ee728b)
Start importing Assets/Textures using Guid(cb8e155d2666c774a92f3e51faba471f) Importer(815301076,1909f56bfc062723c751e8b465ee728b)  -> (artifact id: '27b5f2e8a38f850ca24153b0f9d377e4') in 0.013938 seconds
  Import took 0.022102 seconds .

========================================================================
Received Import Request.
  Time since last request: 19.985122 seconds.
  path: Assets/Scripts/TorsionalDampenedOscillator.cs
  artifactKey: Guid(55b0b4164838a2742bf60fdaf2df6f63) Importer(815301076,1909f56bfc062723c751e8b465ee728b)
Start importing Assets/Scripts/TorsionalDampenedOscillator.cs using Guid(55b0b4164838a2742bf60fdaf2df6f63) Importer(815301076,1909f56bfc062723c751e8b465ee728b)  -> (artifact id: '7cab0054e9cdf4091886af055b84fe38') in 0.007007 seconds
  Import took 0.013967 seconds .

========================================================================
Received Import Request.
  Time since last request: 0.028724 seconds.
  path: Assets/Scripts/TorsionalDampenedOscillator.cs
  artifactKey: Guid(55b0b4164838a2742bf60fdaf2df6f63) Importer(815301076,1909f56bfc062723c751e8b465ee728b)
Start importing Assets/Scripts/TorsionalDampenedOscillator.cs using Guid(55b0b4164838a2742bf60fdaf2df6f63) Importer(815301076,1909f56bfc062723c751e8b465ee728b)  -> (artifact id: '7cab0054e9cdf4091886af055b84fe38') in 0.003305 seconds
  Import took 0.010748 seconds .

========================================================================
Received Prepare
Registering precompiled user dll's ...
Registered in 0.007487 seconds.
Begin MonoManager ReloadAssembly
Native extension for WindowsStandalone target not found
Native extension for WebGL target not found
Refreshing native plugins compatible for Editor in 1.05 ms, found 6 plugins.
Preloading 0 native plugins for Editor in 0.00 ms.
Mono: successfully reloaded assembly
- Completed reload, in  1.664 seconds
Platform modules already initialized, skipping
Switching build target platform(19) subTarget(0) extendedPlatform(0) -> platform(13) subTarget(537395200) extendedPlatform(0)
Shader 'Universal Render Pipeline/Particles/Lit': fallback shader 'Universal Render Pipeline/Particles/SimpleLit' not found
Refreshing native plugins compatible for Editor in 0.83 ms, found 6 plugins.
Preloading 0 native plugins for Editor in 0.00 ms.
Unloading 3975 Unused Serialized files (Serialized files now loaded: 0)
System memory in use before: 164.6 MB.
System memory in use after: 164.6 MB.

Unloading 39 unused Assets to reduce memory usage. Loaded Objects now: 4559.
Total: 4.919300 ms (FindLiveObjects: 0.329400 ms CreateObjectMapping: 0.202500 ms MarkObjects: 3.913700 ms  DeleteObjects: 0.472700 ms)

AssetImportParameters requested are different than current active one (requested -> active):
  custom:graphics/normal-map-encoding: 01000000000000000000000000000000 -> 02000000000000000000000000000000
========================================================================
Received Import Request.
  Time since last request: 17.752404 seconds.
  path: Assets/Scripts/CameraShake.cs
  artifactKey: Guid(f1aff47c47f224342a7ea108423fd572) Importer(815301076,1909f56bfc062723c751e8b465ee728b)
Start importing Assets/Scripts/CameraShake.cs using Guid(f1aff47c47f224342a7ea108423fd572) Importer(815301076,1909f56bfc062723c751e8b465ee728b)  -> (artifact id: '2e47b83aebb0a9d09bafdd9795594dd1') in 0.009705 seconds
  Import took 0.016207 seconds .

========================================================================
Received Prepare
Registering precompiled user dll's ...
Registered in 0.008900 seconds.
Begin MonoManager ReloadAssembly
Native extension for WindowsStandalone target not found
Native extension for WebGL target not found
Refreshing native plugins compatible for Editor in 0.95 ms, found 6 plugins.
Preloading 0 native plugins for Editor in 0.00 ms.
Mono: successfully reloaded assembly
- Completed reload, in  1.624 seconds
Platform modules already initialized, skipping
Switching build target platform(19) subTarget(0) extendedPlatform(0) -> platform(13) subTarget(537395200) extendedPlatform(0)
Shader 'Universal Render Pipeline/Particles/Lit': fallback shader 'Universal Render Pipeline/Particles/SimpleLit' not found
Refreshing native plugins compatible for Editor in 1.01 ms, found 6 plugins.
Preloading 0 native plugins for Editor in 0.00 ms.
Unloading 3974 Unused Serialized files (Serialized files now loaded: 0)
System memory in use before: 164.5 MB.
System memory in use after: 164.5 MB.

Unloading 39 unused Assets to reduce memory usage. Loaded Objects now: 4562.
Total: 4.593100 ms (FindLiveObjects: 0.378000 ms CreateObjectMapping: 0.210900 ms MarkObjects: 3.753000 ms  DeleteObjects: 0.250300 ms)

AssetImportParameters requested are different than current active one (requested -> active):
  custom:graphics/normal-map-encoding: 01000000000000000000000000000000 -> 02000000000000000000000000000000
========================================================================
Received Import Request.
  Time since last request: 11.475642 seconds.
  path: Assets/Scripts/CinemachineShake.cs
  artifactKey: Guid(fe44edb947a359942ba7d7af5a7487c6) Importer(815301076,1909f56bfc062723c751e8b465ee728b)
Start importing Assets/Scripts/CinemachineShake.cs using Guid(fe44edb947a359942ba7d7af5a7487c6) Importer(815301076,1909f56bfc062723c751e8b465ee728b)  -> (artifact id: '846d47655c47513fb87739ca1d86a3ee') in 0.011244 seconds
  Import took 0.018043 seconds .

========================================================================
Received Import Request.
  Time since last request: 592.072145 seconds.
  path: Assets/Scripts/ClockUI.cs
  artifactKey: Guid(59150efae6a762f459625642437dc964) Importer(815301076,1909f56bfc062723c751e8b465ee728b)
Start importing Assets/Scripts/ClockUI.cs using Guid(59150efae6a762f459625642437dc964) Importer(815301076,1909f56bfc062723c751e8b465ee728b)  -> (artifact id: '1d37d5091b36ddc8b213fb4140f2ea39') in 0.006565 seconds
  Import took 0.015600 seconds .

========================================================================
Received Import Request.
  Time since last request: 2.951923 seconds.
  path: Assets/Scripts/CollisionEffects.cs
  artifactKey: Guid(5d56c545bc28e6d44bd550f47371b269) Importer(815301076,1909f56bfc062723c751e8b465ee728b)
Start importing Assets/Scripts/CollisionEffects.cs using Guid(5d56c545bc28e6d44bd550f47371b269) Importer(815301076,1909f56bfc062723c751e8b465ee728b)  -> (artifact id: '937ce8dd0ae23097aca969ebe6f59014') in 0.006682 seconds
  Import took 0.118391 seconds .

========================================================================
Received Import Request.
  Time since last request: 8.190513 seconds.
  path: Assets/Scripts/DamagePercent.cs
  artifactKey: Guid(1a781a8d8205fad49bc79b49a9074ed8) Importer(815301076,1909f56bfc062723c751e8b465ee728b)
Start importing Assets/Scripts/DamagePercent.cs using Guid(1a781a8d8205fad49bc79b49a9074ed8) Importer(815301076,1909f56bfc062723c751e8b465ee728b)  -> (artifact id: '42f1d6516ce06c42c7ee5e313c5879af') in 0.006133 seconds
  Import took 0.012932 seconds .

========================================================================
Received Import Request.
  Time since last request: 146.183570 seconds.
  path: Assets/Scripts/PlayerManager.cs
  artifactKey: Guid(ba2e16f05d4be2340b59fd6e368c0f23) Importer(815301076,1909f56bfc062723c751e8b465ee728b)
Start importing Assets/Scripts/PlayerManager.cs using Guid(ba2e16f05d4be2340b59fd6e368c0f23) Importer(815301076,1909f56bfc062723c751e8b465ee728b)  -> (artifact id: '886caf34298d9e42bb9ad60614ad45a6') in 0.007428 seconds
  Import took 0.114834 seconds .

========================================================================
Received Import Request.
  Time since last request: 2.799446 seconds.
  path: Assets/Scripts/PlayerMovement.cs
  artifactKey: Guid(00a9f8704ccc6064c8c806a235937759) Importer(815301076,1909f56bfc062723c751e8b465ee728b)
Start importing Assets/Scripts/PlayerMovement.cs using Guid(00a9f8704ccc6064c8c806a235937759) Importer(815301076,1909f56bfc062723c751e8b465ee728b)  -> (artifact id: '971999e70c17577f4e4e4bda77d5072a') in 0.007880 seconds
  Import took 0.014905 seconds .

========================================================================
Received Import Request.
  Time since last request: 14.434358 seconds.
  path: Assets/Scripts/OnPlatform.cs
  artifactKey: Guid(2ee6d5e15f5c24d4cbd3f4365a926c78) Importer(815301076,1909f56bfc062723c751e8b465ee728b)
Start importing Assets/Scripts/OnPlatform.cs using Guid(2ee6d5e15f5c24d4cbd3f4365a926c78) Importer(815301076,1909f56bfc062723c751e8b465ee728b)  -> (artifact id: '901b7a6599c28855d9fdd8d45af53dab') in 0.007429 seconds
  Import took 0.014788 seconds .

========================================================================
Received Import Request.
  Time since last request: 16.573792 seconds.
  path: Assets/Scripts/ScoreboardDisplay.cs
  artifactKey: Guid(99418645200a26d428a2a7a00b263a17) Importer(815301076,1909f56bfc062723c751e8b465ee728b)
Start importing Assets/Scripts/ScoreboardDisplay.cs using Guid(99418645200a26d428a2a7a00b263a17) Importer(815301076,1909f56bfc062723c751e8b465ee728b)  -> (artifact id: '4508e01eda857841b77f6cbe76ba9571') in 0.007376 seconds
  Import took 0.014820 seconds .

========================================================================
Received Import Request.
  Time since last request: 2.452749 seconds.
  path: Assets/Scripts/ScoreboardManager.cs
  artifactKey: Guid(5220d469b1c07f141b4a8a817055043b) Importer(815301076,1909f56bfc062723c751e8b465ee728b)
Start importing Assets/Scripts/ScoreboardManager.cs using Guid(5220d469b1c07f141b4a8a817055043b) Importer(815301076,1909f56bfc062723c751e8b465ee728b)  -> (artifact id: 'eef6a8126bd728a114118e5bc3198520') in 0.008013 seconds
  Import took 0.017737 seconds .

========================================================================
Received Import Request.
  Time since last request: 11.231851 seconds.
  path: Assets/Scripts/HitStop.cs
  artifactKey: Guid(3ce4c6e178807724f8ea7ec185a47b7e) Importer(815301076,1909f56bfc062723c751e8b465ee728b)
Start importing Assets/Scripts/HitStop.cs using Guid(3ce4c6e178807724f8ea7ec185a47b7e) Importer(815301076,1909f56bfc062723c751e8b465ee728b)  -> (artifact id: 'ae957a2838306f8ca676f37d39d5e878') in 0.006766 seconds
  Import took 0.106827 seconds .

========================================================================
Received Import Request.
  Time since last request: 14.719151 seconds.
  path: Assets/Scripts/PointsManager.cs
  artifactKey: Guid(cd7db16737cf34841afba12e9475daaf) Importer(815301076,1909f56bfc062723c751e8b465ee728b)
Start importing Assets/Scripts/PointsManager.cs using Guid(cd7db16737cf34841afba12e9475daaf) Importer(815301076,1909f56bfc062723c751e8b465ee728b)  -> (artifact id: '8592b96e24a268ed881b1bfc6d3ce4d7') in 0.027398 seconds
  Import took 0.034783 seconds .

========================================================================
Received Import Request.
  Time since last request: 0.012120 seconds.
  path: Assets/Scripts/PointsManager.cs
  artifactKey: Guid(cd7db16737cf34841afba12e9475daaf) Importer(815301076,1909f56bfc062723c751e8b465ee728b)
Start importing Assets/Scripts/PointsManager.cs using Guid(cd7db16737cf34841afba12e9475daaf) Importer(815301076,1909f56bfc062723c751e8b465ee728b)  -> (artifact id: '8592b96e24a268ed881b1bfc6d3ce4d7') in 0.002387 seconds
  Import took 0.011235 seconds .

========================================================================
Received Import Request.
  Time since last request: 9.289780 seconds.
  path: Assets/Scripts/SquashAndStretch.cs
  artifactKey: Guid(b134582c92d9fef468ec98cd74fa15b3) Importer(815301076,1909f56bfc062723c751e8b465ee728b)
Start importing Assets/Scripts/SquashAndStretch.cs using Guid(b134582c92d9fef468ec98cd74fa15b3) Importer(815301076,1909f56bfc062723c751e8b465ee728b)  -> (artifact id: 'd07f55e0fa027f576a3950daf6bc95da') in 0.007679 seconds
  Import took 0.015110 seconds .

========================================================================
Received Import Request.
  Time since last request: 15.746980 seconds.
  path: Assets/Scripts/ExtraBouncy.cs
  artifactKey: Guid(d9051d97f60c07f479f4c07ad3de592b) Importer(815301076,1909f56bfc062723c751e8b465ee728b)
Start importing Assets/Scripts/ExtraBouncy.cs using Guid(d9051d97f60c07f479f4c07ad3de592b) Importer(815301076,1909f56bfc062723c751e8b465ee728b)  -> (artifact id: 'edfeabe3645e347b892e93b1e732ef2c') in 0.007640 seconds
  Import took 0.107984 seconds .

========================================================================
Received Import Request.
  Time since last request: 2.508326 seconds.
  path: Assets/Scripts/Hand.cs
  artifactKey: Guid(48417459341bc6b48951d01a151c08fc) Importer(815301076,1909f56bfc062723c751e8b465ee728b)
Start importing Assets/Scripts/Hand.cs using Guid(48417459341bc6b48951d01a151c08fc) Importer(815301076,1909f56bfc062723c751e8b465ee728b)  -> (artifact id: 'f4cc126018efa7f7153c4ce245639e3a') in 0.007371 seconds
  Import took 0.015548 seconds .

========================================================================
Received Prepare
Registering precompiled user dll's ...
Registered in 0.008126 seconds.
Begin MonoManager ReloadAssembly
Native extension for WindowsStandalone target not found
Native extension for WebGL target not found
Refreshing native plugins compatible for Editor in 1.16 ms, found 6 plugins.
Preloading 0 native plugins for Editor in 0.00 ms.
Mono: successfully reloaded assembly
- Completed reload, in  1.786 seconds
Platform modules already initialized, skipping
Switching build target platform(19) subTarget(0) extendedPlatform(0) -> platform(13) subTarget(537395200) extendedPlatform(0)
Shader 'Universal Render Pipeline/Particles/Lit': fallback shader 'Universal Render Pipeline/Particles/SimpleLit' not found
Refreshing native plugins compatible for Editor in 0.80 ms, found 6 plugins.
Preloading 0 native plugins for Editor in 0.00 ms.
Unloading 3952 Unused Serialized files (Serialized files now loaded: 0)
System memory in use before: 164.1 MB.
System memory in use after: 164.1 MB.

Unloading 60 unused Assets to reduce memory usage. Loaded Objects now: 4544.
Total: 4.765000 ms (FindLiveObjects: 0.352600 ms CreateObjectMapping: 0.211200 ms MarkObjects: 3.916000 ms  DeleteObjects: 0.284100 ms)

AssetImportParameters requested are different than current active one (requested -> active):
  custom:graphics/normal-map-encoding: 01000000000000000000000000000000 -> 02000000000000000000000000000000
========================================================================
Received Prepare
Registering precompiled user dll's ...
Registered in 0.006879 seconds.
Begin MonoManager ReloadAssembly
Native extension for WindowsStandalone target not found
Native extension for WebGL target not found
Refreshing native plugins compatible for Editor in 0.83 ms, found 6 plugins.
Preloading 0 native plugins for Editor in 0.00 ms.
Mono: successfully reloaded assembly
- Completed reload, in  1.714 seconds
Platform modules already initialized, skipping
Switching build target platform(19) subTarget(0) extendedPlatform(0) -> platform(13) subTarget(537395200) extendedPlatform(0)
Shader 'Universal Render Pipeline/Particles/Lit': fallback shader 'Universal Render Pipeline/Particles/SimpleLit' not found
Refreshing native plugins compatible for Editor in 0.83 ms, found 6 plugins.
Preloading 0 native plugins for Editor in 0.00 ms.
Unloading 3952 Unused Serialized files (Serialized files now loaded: 0)
System memory in use before: 164.0 MB.
System memory in use after: 164.0 MB.

Unloading 38 unused Assets to reduce memory usage. Loaded Objects now: 4548.
Total: 6.435600 ms (FindLiveObjects: 0.641300 ms CreateObjectMapping: 0.377000 ms MarkObjects: 5.050500 ms  DeleteObjects: 0.365600 ms)

AssetImportParameters requested are different than current active one (requested -> active):
  custom:graphics/normal-map-encoding: 01000000000000000000000000000000 -> 02000000000000000000000000000000
========================================================================
Received Prepare
Registering precompiled user dll's ...
Registered in 0.008716 seconds.
Begin MonoManager ReloadAssembly
Native extension for WindowsStandalone target not found
Native extension for WebGL target not found
Refreshing native plugins compatible for Editor in 0.87 ms, found 6 plugins.
Preloading 0 native plugins for Editor in 0.00 ms.
Mono: successfully reloaded assembly
- Completed reload, in  2.130 seconds
Platform modules already initialized, skipping
Switching build target platform(19) subTarget(0) extendedPlatform(0) -> platform(13) subTarget(537395200) extendedPlatform(0)
Shader 'Universal Render Pipeline/Particles/Lit': fallback shader 'Universal Render Pipeline/Particles/SimpleLit' not found
Refreshing native plugins compatible for Editor in 0.79 ms, found 6 plugins.
Preloading 0 native plugins for Editor in 0.00 ms.
Unloading 3951 Unused Serialized files (Serialized files now loaded: 0)
System memory in use before: 164.0 MB.
System memory in use after: 164.0 MB.

Unloading 39 unused Assets to reduce memory usage. Loaded Objects now: 4551.
Total: 4.299400 ms (FindLiveObjects: 0.392600 ms CreateObjectMapping: 0.197700 ms MarkObjects: 3.334300 ms  DeleteObjects: 0.373900 ms)

AssetImportParameters requested are different than current active one (requested -> active):
  custom:graphics/normal-map-encoding: 01000000000000000000000000000000 -> 02000000000000000000000000000000
========================================================================
Received Prepare
Registering precompiled user dll's ...
Registered in 0.012015 seconds.
Begin MonoManager ReloadAssembly
Native extension for WindowsStandalone target not found
Native extension for WebGL target not found
Refreshing native plugins compatible for Editor in 0.79 ms, found 6 plugins.
Preloading 0 native plugins for Editor in 0.00 ms.
Mono: successfully reloaded assembly
- Completed reload, in  1.882 seconds
Platform modules already initialized, skipping
Switching build target platform(19) subTarget(0) extendedPlatform(0) -> platform(13) subTarget(537395200) extendedPlatform(0)
Shader 'Universal Render Pipeline/Particles/Lit': fallback shader 'Universal Render Pipeline/Particles/SimpleLit' not found
Refreshing native plugins compatible for Editor in 0.79 ms, found 6 plugins.
Preloading 0 native plugins for Editor in 0.00 ms.
Unloading 3952 Unused Serialized files (Serialized files now loaded: 0)
System memory in use before: 164.0 MB.
System memory in use after: 164.0 MB.

Unloading 38 unused Assets to reduce memory usage. Loaded Objects now: 4556.
Total: 5.847200 ms (FindLiveObjects: 0.532800 ms CreateObjectMapping: 0.237700 ms MarkObjects: 4.819900 ms  DeleteObjects: 0.238800 ms)

AssetImportParameters requested are different than current active one (requested -> active):
  custom:graphics/normal-map-encoding: 01000000000000000000000000000000 -> 02000000000000000000000000000000
========================================================================
Received Import Request.
  Time since last request: 256.673888 seconds.
  path: Assets/Scripts/DampenedOscillator.cs
  artifactKey: Guid(389f37ac68ceb374287b55ff05be0177) Importer(815301076,1909f56bfc062723c751e8b465ee728b)
Start importing Assets/Scripts/DampenedOscillator.cs using Guid(389f37ac68ceb374287b55ff05be0177) Importer(815301076,1909f56bfc062723c751e8b465ee728b)  -> (artifact id: '099b01f0e953d80b92d5a66fe56de9b9') in 0.012280 seconds
  Import took 0.116890 seconds .

========================================================================
Received Import Request.
  Time since last request: 0.006496 seconds.
  path: Assets/Scripts/DampenedOscillator.cs
  artifactKey: Guid(389f37ac68ceb374287b55ff05be0177) Importer(815301076,1909f56bfc062723c751e8b465ee728b)
Start importing Assets/Scripts/DampenedOscillator.cs using Guid(389f37ac68ceb374287b55ff05be0177) Importer(815301076,1909f56bfc062723c751e8b465ee728b)  -> (artifact id: '099b01f0e953d80b92d5a66fe56de9b9') in 0.002618 seconds
  Import took 0.009841 seconds .

========================================================================
Received Prepare
Registering precompiled user dll's ...
Registered in 0.007725 seconds.
Begin MonoManager ReloadAssembly
Native extension for WindowsStandalone target not found
Native extension for WebGL target not found
Refreshing native plugins compatible for Editor in 0.92 ms, found 6 plugins.
Preloading 0 native plugins for Editor in 0.00 ms.
Mono: successfully reloaded assembly
- Completed reload, in  1.684 seconds
Platform modules already initialized, skipping
Switching build target platform(19) subTarget(0) extendedPlatform(0) -> platform(13) subTarget(537395200) extendedPlatform(0)
Shader 'Universal Render Pipeline/Particles/Lit': fallback shader 'Universal Render Pipeline/Particles/SimpleLit' not found
Refreshing native plugins compatible for Editor in 0.76 ms, found 6 plugins.
Preloading 0 native plugins for Editor in 0.00 ms.
Unloading 3952 Unused Serialized files (Serialized files now loaded: 0)
System memory in use before: 164.1 MB.
System memory in use after: 164.1 MB.

Unloading 38 unused Assets to reduce memory usage. Loaded Objects now: 4560.
Total: 6.732600 ms (FindLiveObjects: 0.589200 ms CreateObjectMapping: 0.310900 ms MarkObjects: 5.534100 ms  DeleteObjects: 0.297100 ms)

AssetImportParameters requested are different than current active one (requested -> active):
  custom:graphics/normal-map-encoding: 01000000000000000000000000000000 -> 02000000000000000000000000000000
========================================================================
Received Import Request.
  Time since last request: 19.081808 seconds.
  path: Assets/Scripts/Squash and Stretc h
  artifactKey: Guid(11de83ebd754a61419595e2a56b6c130) Importer(815301076,1909f56bfc062723c751e8b465ee728b)
Start importing Assets/Scripts/Squash and Stretch using Guid(11de83ebd754a61419595e2a56b6c130) Importer(815301076,1909f56bfc062723c751e8b465ee728b) Diagnostics callstack to track who triggered the sub-import:
0x00007ff7c25d6062 (Unity) ImporterAssetResolver::ResolveAsset
0x00007ff7c25a1922 (Unity) ResolveArtifactV2
0x00007ff7c25c1090 (Unity) ImportToObjects
0x00007ff7c25c0569 (Unity) ImportAsset
0x00007ff7c25226d8 (Unity) AssetImportWorker::Import
0x00007ff7c25765bf (Unity) <lambda_e7e5f5e49556456463706cfa5dd72d0a>::operator()
0x00007ff7c2619522 (Unity) asio::detail::completion_handler<core::mutable_function<void __cdecl(void)> >::do_complete
0x00007ff7c261b680 (Unity) asio::detail::win_iocp_io_service::do_one
0x00007ff7c261ee0e (Unity) asio::io_service::run
0x00007ff7c25a24bb (Unity) RunAssetImportWorkerClientV2
0x00007ff7c25a2510 (Unity) RunAssetImporterV2
0x00007ff7c1a93536 (Unity) Application::InitializeProject
0x00007ff7c2416f22 (Unity) WinMain
0x00007ff7c4268e86 (Unity) __scrt_common_main_seh
0x00007ffcab537034 (KERNEL32) BaseThreadInitThunk
0x00007ffcab902651 (ntdll) RtlUserThreadStart

Requesting import of Guid(11de83ebd754a61419595e2a56b6c130) Importer(-1,00000000000000000000000000000000), Assets/Scripts/Squash and Stretch from editor
Resuming Guid(11de83ebd754a61419595e2a56b6c130) Importer(-1,00000000000000000000000000000000) -> 00000000000000000000000000000000 (aborted)
Diagnostics callstack to track who triggered the sub-import:
0x00007ff7c25d6062 (Unity) ImporterAssetResolver::ResolveAsset
0x00007ff7c25a1922 (Unity) ResolveArtifactV2
0x00007ff7c25986c1 (Unity) ProduceArtifactV2
0x00007ff7c24ec36e (Unity) AssetDatabase::ProduceArtifact
0x00007ff7c24d1928 (Unity) PreviewImporter::GenerateAssetData
0x00007ff7c25c1459 (Unity) ImportToObjects
0x00007ff7c25c0569 (Unity) ImportAsset
0x00007ff7c25226d8 (Unity) AssetImportWorker::Import
0x00007ff7c25765bf (Unity) <lambda_e7e5f5e49556456463706cfa5dd72d0a>::operator()
0x00007ff7c2619522 (Unity) asio::detail::completion_handler<core::mutable_function<void __cdecl(void)> >::do_complete
0x00007ff7c261b680 (Unity) asio::detail::win_iocp_io_service::do_one
0x00007ff7c261ee0e (Unity) asio::io_service::run
0x00007ff7c25a24bb (Unity) RunAssetImportWorkerClientV2
0x00007ff7c25a2510 (Unity) RunAssetImporterV2
0x00007ff7c1a93536 (Unity) Application::InitializeProject
0x00007ff7c2416f22 (Unity) WinMain
0x00007ff7c4268e86 (Unity) __scrt_common_main_seh
0x00007ffcab537034 (KERNEL32) BaseThreadInitThunk
0x00007ffcab902651 (ntdll) RtlUserThreadStart

Sub-import of Guid(11de83ebd754a61419595e2a56b6c130) Importer(-1,00000000000000000000000000000000), Assets/Scripts/Squash and Stretch skipped because a previous one failed already
 -> (artifact id: '8f5f675a0eb047dafa36042d6c851559') in 2.319090 seconds
  Import took 2.326389 seconds (was aborted).

========================================================================
Received Import Request.
  Time since last request: 0.000439 seconds.
  path: Assets/Scripts/Squash and Stretch
  artifactKey: Guid(11de83ebd754a61419595e2a56b6c130) Importer(815301076,1909f56bfc062723c751e8b465ee728b)
Start importing Assets/Scripts/Squash and Stretch using Guid(11de83ebd754a61419595e2a56b6c130) Importer(815301076,1909f56bfc062723c751e8b465ee728b)  -> (artifact id: '35162b54fc37e2db5d1d51bdef35421e') in 0.003374 seconds
  Import took 0.010270 seconds .

========================================================================
Received Import Request.
  Time since last request: 0.000365 seconds.
  path: Assets/Scripts/SquashAndStretch.cs
  artifactKey: Guid(b134582c92d9fef468ec98cd74fa15b3) Importer(815301076,1909f56bfc062723c751e8b465ee728b)
Start importing Assets/Scripts/SquashAndStretch.cs using Guid(b134582c92d9fef468ec98cd74fa15b3) Importer(815301076,1909f56bfc062723c751e8b465ee728b)  -> (artifact id: 'd5468d39618f1e0bb097841e4252d4b5') in 0.003140 seconds
  Import took 0.011170 seconds .

========================================================================
Received Prepare
Registering precompiled user dll's ...
Registered in 0.007139 seconds.
Begin MonoManager ReloadAssembly
Native extension for WindowsStandalone target not found
Native extension for WebGL target not found
Refreshing native plugins compatible for Editor in 1.16 ms, found 6 plugins.
Preloading 0 native plugins for Editor in 0.00 ms.
Mono: successfully reloaded assembly
- Completed reload, in  1.763 seconds
Platform modules already initialized, skipping
Switching build target platform(19) subTarget(0) extendedPlatform(0) -> platform(13) subTarget(537395200) extendedPlatform(0)
Shader 'Universal Render Pipeline/Particles/Lit': fallback shader 'Universal Render Pipeline/Particles/SimpleLit' not found
Refreshing native plugins compatible for Editor in 0.78 ms, found 6 plugins.
Preloading 0 native plugins for Editor in 0.00 ms.
Unloading 3952 Unused Serialized files (Serialized files now loaded: 0)
System memory in use before: 164.1 MB.
System memory in use after: 164.1 MB.

Unloading 38 unused Assets to reduce memory usage. Loaded Objects now: 4564.
Total: 4.096300 ms (FindLiveObjects: 0.380400 ms CreateObjectMapping: 0.207300 ms MarkObjects: 3.280700 ms  DeleteObjects: 0.226700 ms)

AssetImportParameters requested are different than current active one (requested -> active):
  custom:graphics/normal-map-encoding: 01000000000000000000000000000000 -> 02000000000000000000000000000000
========================================================================
Received Import Request.
  Time since last request: 56.737797 seconds.
  path: Assets/Physic Materials/Default Physic Material.physicMaterial
  artifactKey: Guid(c64cfdd62a954b24db2d81b735b0a901) Importer(815301076,1909f56bfc062723c751e8b465ee728b)
Start importing Assets/Physic Materials/Default Physic Material.physicMaterial using Guid(c64cfdd62a954b24db2d81b735b0a901) Importer(815301076,1909f56bfc062723c751e8b465ee728b)  -> (artifact id: '4b83ca0f0668e50e5cfab99129bbc29f') in 0.033173 seconds
  Import took 0.041606 seconds .

========================================================================
Received Import Request.
  Time since last request: 0.071841 seconds.
  path: Assets/Physic Materials/Default Physic Material.physicMaterial
  artifactKey: Guid(c64cfdd62a954b24db2d81b735b0a901) Importer(815301076,1909f56bfc062723c751e8b465ee728b)
Start importing Assets/Physic Materials/Default Physic Material.physicMaterial using Guid(c64cfdd62a954b24db2d81b735b0a901) Importer(815301076,1909f56bfc062723c751e8b465ee728b)  -> (artifact id: '4b83ca0f0668e50e5cfab99129bbc29f') in 0.003030 seconds
  Import took 0.010355 seconds .

========================================================================
Received Import Request.
  Time since last request: 11.126845 seconds.
  path: Assets/Physic Materials/Default.physicMaterial
  artifactKey: Guid(c64cfdd62a954b24db2d81b735b0a901) Importer(815301076,1909f56bfc062723c751e8b465ee728b)
Start importing Assets/Physic Materials/Default.physicMaterial using Guid(c64cfdd62a954b24db2d81b735b0a901) Importer(815301076,1909f56bfc062723c751e8b465ee728b)  -> (artifact id: '4c0107cd8d1b9710d007243d6ebc95ce') in 0.009808 seconds
  Import took 0.017852 seconds .

========================================================================
Received Import Request.
  Time since last request: 0.095085 seconds.
  path: Assets/Physic Materials/Default.physicMaterial
  artifactKey: Guid(c64cfdd62a954b24db2d81b735b0a901) Importer(815301076,1909f56bfc062723c751e8b465ee728b)
Start importing Assets/Physic Materials/Default.physicMaterial using Guid(c64cfdd62a954b24db2d81b735b0a901) Importer(815301076,1909f56bfc062723c751e8b465ee728b)  -> (artifact id: '4c0107cd8d1b9710d007243d6ebc95ce') in 0.002920 seconds
  Import took 0.011496 seconds .

========================================================================
Received Prepare
Registering precompiled user dll's ...
Registered in 0.007465 seconds.
Begin MonoManager ReloadAssembly
Native extension for WindowsStandalone target not found
Native extension for WebGL target not found
Refreshing native plugins compatible for Editor in 1.12 ms, found 6 plugins.
Preloading 0 native plugins for Editor in 0.00 ms.
Mono: successfully reloaded assembly
- Completed reload, in  1.823 seconds
Platform modules already initialized, skipping
Switching build target platform(19) subTarget(0) extendedPlatform(0) -> platform(13) subTarget(537395200) extendedPlatform(0)
Shader 'Universal Render Pipeline/Particles/Lit': fallback shader 'Universal Render Pipeline/Particles/SimpleLit' not found
Refreshing native plugins compatible for Editor in 0.86 ms, found 6 plugins.
Preloading 0 native plugins for Editor in 0.00 ms.
Unloading 3952 Unused Serialized files (Serialized files now loaded: 0)
System memory in use before: 164.1 MB.
System memory in use after: 164.1 MB.

Unloading 38 unused Assets to reduce memory usage. Loaded Objects now: 4568.
Total: 4.679900 ms (FindLiveObjects: 0.383600 ms CreateObjectMapping: 0.203100 ms MarkObjects: 3.840200 ms  DeleteObjects: 0.251700 ms)

AssetImportParameters requested are different than current active one (requested -> active):
  custom:graphics/normal-map-encoding: 01000000000000000000000000000000 -> 02000000000000000000000000000000
========================================================================
Received Prepare
Registering precompiled user dll's ...
Registered in 0.010393 seconds.
Begin MonoManager ReloadAssembly
Native extension for WindowsStandalone target not found
Native extension for WebGL target not found
Refreshing native plugins compatible for Editor in 0.88 ms, found 6 plugins.
Preloading 0 native plugins for Editor in 0.00 ms.
Mono: successfully reloaded assembly
- Completed reload, in  1.794 seconds
Platform modules already initialized, skipping
Switching build target platform(19) subTarget(0) extendedPlatform(0) -> platform(13) subTarget(537395200) extendedPlatform(0)
Shader 'Universal Render Pipeline/Particles/Lit': fallback shader 'Universal Render Pipeline/Particles/SimpleLit' not found
Refreshing native plugins compatible for Editor in 0.96 ms, found 6 plugins.
Preloading 0 native plugins for Editor in 0.00 ms.
Unloading 3952 Unused Serialized files (Serialized files now loaded: 0)
System memory in use before: 164.1 MB.
System memory in use after: 164.1 MB.

Unloading 38 unused Assets to reduce memory usage. Loaded Objects now: 4572.
Total: 5.035300 ms (FindLiveObjects: 0.347400 ms CreateObjectMapping: 0.212400 ms MarkObjects: 4.114600 ms  DeleteObjects: 0.359000 ms)

AssetImportParameters requested are different than current active one (requested -> active):
  custom:graphics/normal-map-encoding: 01000000000000000000000000000000 -> 02000000000000000000000000000000
========================================================================
Received Prepare
Registering precompiled user dll's ...
Registered in 0.006581 seconds.
Begin MonoManager ReloadAssembly
Native extension for WindowsStandalone target not found
Native extension for WebGL target not found
Refreshing native plugins compatible for Editor in 0.82 ms, found 6 plugins.
Preloading 0 native plugins for Editor in 0.00 ms.
Mono: successfully reloaded assembly
- Completed reload, in  1.826 seconds
Platform modules already initialized, skipping
Switching build target platform(19) subTarget(0) extendedPlatform(0) -> platform(13) subTarget(537395200) extendedPlatform(0)
Shader 'Universal Render Pipeline/Particles/Lit': fallback shader 'Universal Render Pipeline/Particles/SimpleLit' not found
Refreshing native plugins compatible for Editor in 0.85 ms, found 6 plugins.
Preloading 0 native plugins for Editor in 0.00 ms.
Unloading 3952 Unused Serialized files (Serialized files now loaded: 0)
System memory in use before: 164.1 MB.
System memory in use after: 164.1 MB.

Unloading 38 unused Assets to reduce memory usage. Loaded Objects now: 4576.
Total: 6.097200 ms (FindLiveObjects: 0.700500 ms CreateObjectMapping: 0.429000 ms MarkObjects: 4.707500 ms  DeleteObjects: 0.258300 ms)

AssetImportParameters requested are different than current active one (requested -> active):
  custom:graphics/normal-map-encoding: 01000000000000000000000000000000 -> 02000000000000000000000000000000
========================================================================
Received Prepare
Registering precompiled user dll's ...
Registered in 0.007213 seconds.
Begin MonoManager ReloadAssembly
Native extension for WindowsStandalone target not found
Native extension for WebGL target not found
Refreshing native plugins compatible for Editor in 0.78 ms, found 6 plugins.
Preloading 0 native plugins for Editor in 0.00 ms.
Mono: successfully reloaded assembly
- Completed reload, in  1.840 seconds
Platform modules already initialized, skipping
Switching build target platform(19) subTarget(0) extendedPlatform(0) -> platform(13) subTarget(537395200) extendedPlatform(0)
Shader 'Universal Render Pipeline/Particles/Lit': fallback shader 'Universal Render Pipeline/Particles/SimpleLit' not found
Refreshing native plugins compatible for Editor in 0.89 ms, found 6 plugins.
Preloading 0 native plugins for Editor in 0.00 ms.
Unloading 3952 Unused Serialized files (Serialized files now loaded: 0)
System memory in use before: 164.2 MB.
System memory in use after: 164.1 MB.

Unloading 38 unused Assets to reduce memory usage. Loaded Objects now: 4580.
Total: 4.237800 ms (FindLiveObjects: 0.355600 ms CreateObjectMapping: 0.366900 ms MarkObjects: 3.214800 ms  DeleteObjects: 0.286300 ms)

AssetImportParameters requested are different than current active one (requested -> active):
  custom:graphics/normal-map-encoding: 01000000000000000000000000000000 -> 02000000000000000000000000000000
========================================================================
Received Prepare
Registering precompiled user dll's ...
Registered in 0.006876 seconds.
Begin MonoManager ReloadAssembly
Native extension for WindowsStandalone target not found
Native extension for WebGL target not found
Refreshing native plugins compatible for Editor in 1.02 ms, found 6 plugins.
Preloading 0 native plugins for Editor in 0.00 ms.
Mono: successfully reloaded assembly
- Completed reload, in  1.791 seconds
Platform modules already initialized, skipping
Switching build target platform(19) subTarget(0) extendedPlatform(0) -> platform(13) subTarget(537395200) extendedPlatform(0)
Shader 'Universal Render Pipeline/Particles/Lit': fallback shader 'Universal Render Pipeline/Particles/SimpleLit' not found
Refreshing native plugins compatible for Editor in 0.94 ms, found 6 plugins.
Preloading 0 native plugins for Editor in 0.00 ms.
Unloading 3952 Unused Serialized files (Serialized files now loaded: 0)
System memory in use before: 164.2 MB.
System memory in use after: 164.2 MB.

Unloading 38 unused Assets to reduce memory usage. Loaded Objects now: 4584.
Total: 5.658900 ms (FindLiveObjects: 0.429600 ms CreateObjectMapping: 0.235200 ms MarkObjects: 4.739400 ms  DeleteObjects: 0.253600 ms)

AssetImportParameters requested are different than current active one (requested -> active):
  custom:graphics/normal-map-encoding: 01000000000000000000000000000000 -> 02000000000000000000000000000000
AssetImportWorkerClient::OnTransportError - code=2 error=End of file
